<?xml version="1.0" encoding="UTF-8" ?>
<testsuite tests="5" failures="0" name="com.keep.going.ApcheCommonTest" time="0.029" errors="0" skipped="4">
  <properties>
[...]
</properties>
  <testcase classname="com.keep.going.ApcheCommonTest" name="loombok" time="0.005"/>
  <testcase classname="com.keep.going.ApcheCommonTest" name="randomTest" time="0.006">
    <skipped/>
  </testcase>
  <testcase classname="com.keep.going.ApcheCommonTest" name="testArrayUtil" time="0.006">
    <skipped/>
  </testcase>
  <testcase classname="com.keep.going.ApcheCommonTest" name="testNumberUtil" time="0.006">
    <skipped/>
  </testcase>
  <testcase classname="com.keep.going.ApcheCommonTest" name="testDate" time="0.006">
    <skipped/>
  </testcase>
</testsuite>